DevOpsClaw 部署日志 - 2026-05-06 23:27:22
[0;36mDevOpsClaw 一键部署脚本 v4.1.0[0m
[0;36m========================================[0m

[0;34m=== 检查 Docker 环境 ===[0m
[0;32m[INFO][0m 2026-05-06 23:27:22 - Docker 已安装: Docker version 29.1.3, build 29.1.3-0ubuntu3~24.04.1
[1;33m[WARN][0m 2026-05-06 23:27:22 - Docker Compose 未安装，正在安装...
[0;32m[INFO][0m 2026-05-06 23:27:22 - 尝试多种方式安装 Docker Compose...
[1;33m[WARN][0m 2026-05-06 23:27:22 - Docker 官方源未配置，跳过方法 1
[0;32m[INFO][0m 2026-05-06 23:27:22 - 方法 2: 从 Ubuntu 官方源安装 docker-compose
[0;32m[INFO][0m 2026-05-06 23:27:31 - ✓ 成功安装 docker-compose (standalone)
[0;32m[INFO][0m 2026-05-06 23:27:31 - Docker Compose 命令: docker-compose

[0;34m=== 选择部署模式 ===[0m
[0;32m[INFO][0m 2026-05-06 23:27:52 - 已选择部署模式: full
[0;32m[INFO][0m 2026-05-06 23:27:52 - 部署服务: openclaw jenkins gitlab nginx
[0;32m[INFO][0m 2026-05-06 23:27:52 - 启用 Nginx 反向代理

[0;34m=== 检查端口占用 ===[0m
[0;32m[INFO][0m 2026-05-06 23:27:52 - 端口 18789 (OpenClaw) 可用 ✓
[0;32m[INFO][0m 2026-05-06 23:27:52 - 端口 8081 (Jenkins Web) 可用 ✓
[0;32m[INFO][0m 2026-05-06 23:27:52 - 端口 50000 (Jenkins Agent) 可用 ✓
[0;32m[INFO][0m 2026-05-06 23:27:52 - 端口 8082 (GitLab HTTP) 可用 ✓
[0;32m[INFO][0m 2026-05-06 23:27:52 - 端口 8443 (GitLab HTTPS) 可用 ✓
[0;32m[INFO][0m 2026-05-06 23:27:52 - 端口 2222 (GitLab SSH) 可用 ✓

[0;34m=== 配置环境变量 ===[0m
[0;32m[INFO][0m 2026-05-06 23:27:52 - 找到现有的 .env 文件
[0;32m[INFO][0m 2026-05-06 23:27:55 - 使用现有 .env 文件

[0;34m=== 验证环境变量配置 ===[0m
[1;33m[WARN][0m 2026-05-06 23:27:56 - 以下环境变量未配置: OPENCLAW_GATEWAY_TOKEN
[1;33m[WARN][0m 2026-05-06 23:27:56 - 请编辑 .env 文件进行配置

[0;34m=== 检查 Nginx SSL 证书 ===[0m
[1;33m[WARN][0m 2026-05-06 23:27:56 - SSL 证书不存在

[0;34m=== 生成 Nginx SSL 证书 ===[0m
[0;32m[INFO][0m 2026-05-06 23:27:58 - 运行证书生成脚本...
[0;31m[ERROR][0m 2026-05-06 23:27:58 - SSL 证书生成失败
